<?xml version="1.0" encoding="UTF-8"?>
<!-- Generated by org.testng.reporters.JUnitXMLReporter -->
<testsuite ignored="15" hostname="QT-INBG-LT154" failures="7" tests="34" name="Test" time="442.737" errors="0" timestamp="2021-03-26T11:28:30 IST">
  <testcase classname="test.Tst_Verification_Login_1_1_1" name="Access" time="4.48"/>
  <testcase classname="test.Tst_Verification_Login_1_1_1" name="Login" time="12.206"/>
  <testcase classname="test.Tst_Verification_Login_1_1_1" name="Login" time="9.918"/>
  <testcase classname="test.Tst_Verification_Login_1_1_1" name="Login" time="5.003">
    <failure type="org.openqa.selenium.UnhandledAlertException" message="unexpected alert open: {Alert text : Invalid username or password}
  (Session info: chrome=89.0.4389.90): Invalid username or password
Build info: version: &amp;apos;3.141.59&amp;apos;, revision: &amp;apos;e82be7d358&amp;apos;, time: &amp;apos;2018-11-14T08:25:48&amp;apos;
System info: host: &amp;apos;QT-INBG-LT154&amp;apos;, ip: &amp;apos;10.20.19.79&amp;apos;, os.name: &amp;apos;Windows 10&amp;apos;, os.arch: &amp;apos;amd64&amp;apos;, os.version: &amp;apos;10.0&amp;apos;, java.version: &amp;apos;15.0.1&amp;apos;
Driver info: org.openqa.selenium.chrome.ChromeDriver
Capabilities {acceptInsecureCerts: false, browserName: chrome, browserVersion: 89.0.4389.90, chrome: {chromedriverVersion: 88.0.4324.96 (68dba2d8a0b14..., userDataDir: C:\Users\QUALIT~1\AppData\L...}, goog:chromeOptions: {debuggerAddress: localhost:60586}, javascriptEnabled: true, networkConnectionEnabled: false, pageLoadStrategy: normal, platform: WINDOWS, platformName: WINDOWS, proxy: Proxy(), setWindowRect: true, strictFileInteractability: false, timeouts: {implicit: 0, pageLoad: 300000, script: 30000}, unhandledPromptBehavior: dismiss and notify, webauthn:extension:largeBlob: true, webauthn:virtualAuthenticators: true}
Session ID: cc9e76e1f6c92b8ba60ba50269f57979">
      <![CDATA[org.openqa.selenium.UnhandledAlertException: unexpected alert open: {Alert text : Invalid username or password}
  (Session info: chrome=89.0.4389.90): Invalid username or password
Build info: version: '3.141.59', revision: 'e82be7d358', time: '2018-11-14T08:25:48'
System info: host: 'QT-INBG-LT154', ip: '10.20.19.79', os.name: 'Windows 10', os.arch: 'amd64', os.version: '10.0', java.version: '15.0.1'
Driver info: org.openqa.selenium.chrome.ChromeDriver
Capabilities {acceptInsecureCerts: false, browserName: chrome, browserVersion: 89.0.4389.90, chrome: {chromedriverVersion: 88.0.4324.96 (68dba2d8a0b14..., userDataDir: C:\Users\QUALIT~1\AppData\L...}, goog:chromeOptions: {debuggerAddress: localhost:60586}, javascriptEnabled: true, networkConnectionEnabled: false, pageLoadStrategy: normal, platform: WINDOWS, platformName: WINDOWS, proxy: Proxy(), setWindowRect: true, strictFileInteractability: false, timeouts: {implicit: 0, pageLoad: 300000, script: 30000}, unhandledPromptBehavior: dismiss and notify, webauthn:extension:largeBlob: true, webauthn:virtualAuthenticators: true}
Session ID: cc9e76e1f6c92b8ba60ba50269f57979
at org.openqa.selenium.remote.http.W3CHttpResponseCodec.decode(W3CHttpResponseCodec.java:120)
at org.openqa.selenium.remote.http.W3CHttpResponseCodec.decode(W3CHttpResponseCodec.java:49)
at org.openqa.selenium.remote.HttpCommandExecutor.execute(HttpCommandExecutor.java:158)
at org.openqa.selenium.remote.service.DriverCommandExecutor.execute(DriverCommandExecutor.java:83)
at org.openqa.selenium.remote.RemoteWebDriver.execute(RemoteWebDriver.java:552)
at org.openqa.selenium.remote.RemoteWebDriver.execute(RemoteWebDriver.java:609)
at org.openqa.selenium.remote.RemoteWebDriver.getCurrentUrl(RemoteWebDriver.java:287)
at test.Tst_Verification_Login_1_1_1.Login(Tst_Verification_Login_1_1_1.java:28)
at java.base/java.util.ArrayList.forEach(ArrayList.java:1511)
... Removed 27 stack frames]]>
    </failure>
  </testcase> <!-- Login -->
  <testcase classname="test.Tst_Verification_Login_1_1_1" name="Login" time="4.933">
    <failure type="org.openqa.selenium.UnhandledAlertException" message="unexpected alert open: {Alert text : Invalid username or password}
  (Session info: chrome=89.0.4389.90): Invalid username or password
Build info: version: &amp;apos;3.141.59&amp;apos;, revision: &amp;apos;e82be7d358&amp;apos;, time: &amp;apos;2018-11-14T08:25:48&amp;apos;
System info: host: &amp;apos;QT-INBG-LT154&amp;apos;, ip: &amp;apos;10.20.19.79&amp;apos;, os.name: &amp;apos;Windows 10&amp;apos;, os.arch: &amp;apos;amd64&amp;apos;, os.version: &amp;apos;10.0&amp;apos;, java.version: &amp;apos;15.0.1&amp;apos;
Driver info: org.openqa.selenium.chrome.ChromeDriver
Capabilities {acceptInsecureCerts: false, browserName: chrome, browserVersion: 89.0.4389.90, chrome: {chromedriverVersion: 88.0.4324.96 (68dba2d8a0b14..., userDataDir: C:\Users\QUALIT~1\AppData\L...}, goog:chromeOptions: {debuggerAddress: localhost:60602}, javascriptEnabled: true, networkConnectionEnabled: false, pageLoadStrategy: normal, platform: WINDOWS, platformName: WINDOWS, proxy: Proxy(), setWindowRect: true, strictFileInteractability: false, timeouts: {implicit: 0, pageLoad: 300000, script: 30000}, unhandledPromptBehavior: dismiss and notify, webauthn:extension:largeBlob: true, webauthn:virtualAuthenticators: true}
Session ID: 96e02ea998413fb0f533e0b5d5d9a8a3">
      <![CDATA[org.openqa.selenium.UnhandledAlertException: unexpected alert open: {Alert text : Invalid username or password}
  (Session info: chrome=89.0.4389.90): Invalid username or password
Build info: version: '3.141.59', revision: 'e82be7d358', time: '2018-11-14T08:25:48'
System info: host: 'QT-INBG-LT154', ip: '10.20.19.79', os.name: 'Windows 10', os.arch: 'amd64', os.version: '10.0', java.version: '15.0.1'
Driver info: org.openqa.selenium.chrome.ChromeDriver
Capabilities {acceptInsecureCerts: false, browserName: chrome, browserVersion: 89.0.4389.90, chrome: {chromedriverVersion: 88.0.4324.96 (68dba2d8a0b14..., userDataDir: C:\Users\QUALIT~1\AppData\L...}, goog:chromeOptions: {debuggerAddress: localhost:60602}, javascriptEnabled: true, networkConnectionEnabled: false, pageLoadStrategy: normal, platform: WINDOWS, platformName: WINDOWS, proxy: Proxy(), setWindowRect: true, strictFileInteractability: false, timeouts: {implicit: 0, pageLoad: 300000, script: 30000}, unhandledPromptBehavior: dismiss and notify, webauthn:extension:largeBlob: true, webauthn:virtualAuthenticators: true}
Session ID: 96e02ea998413fb0f533e0b5d5d9a8a3
at org.openqa.selenium.remote.http.W3CHttpResponseCodec.decode(W3CHttpResponseCodec.java:120)
at org.openqa.selenium.remote.http.W3CHttpResponseCodec.decode(W3CHttpResponseCodec.java:49)
at org.openqa.selenium.remote.HttpCommandExecutor.execute(HttpCommandExecutor.java:158)
at org.openqa.selenium.remote.service.DriverCommandExecutor.execute(DriverCommandExecutor.java:83)
at org.openqa.selenium.remote.RemoteWebDriver.execute(RemoteWebDriver.java:552)
at org.openqa.selenium.remote.RemoteWebDriver.execute(RemoteWebDriver.java:609)
at org.openqa.selenium.remote.RemoteWebDriver.getCurrentUrl(RemoteWebDriver.java:287)
at test.Tst_Verification_Login_1_1_1.Login(Tst_Verification_Login_1_1_1.java:28)
at java.base/java.util.ArrayList.forEach(ArrayList.java:1511)
... Removed 27 stack frames]]>
    </failure>
  </testcase> <!-- Login -->
  <testcase classname="test.Tst_Verification_Login_1_1_1" name="Login" time="4.495">
    <failure type="junit.framework.ComparisonFailure" message="expected:&amp;lt;...&amp;gt; but was:&amp;lt;...Activity.php&amp;gt;">
      <![CDATA[junit.framework.ComparisonFailure: expected:<...> but was:<...Activity.php>
at junit.framework.Assert.assertEquals(Assert.java:81)
at junit.framework.Assert.assertEquals(Assert.java:87)
at test.Tst_Verification_Login_1_1_1.Login(Tst_Verification_Login_1_1_1.java:28)
at java.base/java.util.ArrayList.forEach(ArrayList.java:1511)
... Removed 27 stack frames]]>
    </failure>
  </testcase> <!-- Login -->
  <testcase classname="test.Tst_Verification_Login_1_1_1" name="Login" time="6.356">
    <failure type="junit.framework.ComparisonFailure" message="expected:&amp;lt;...&amp;gt; but was:&amp;lt;...Activity.php&amp;gt;">
      <![CDATA[junit.framework.ComparisonFailure: expected:<...> but was:<...Activity.php>
at junit.framework.Assert.assertEquals(Assert.java:81)
at junit.framework.Assert.assertEquals(Assert.java:87)
at test.Tst_Verification_Login_1_1_1.Login(Tst_Verification_Login_1_1_1.java:28)
at java.base/java.util.ArrayList.forEach(ArrayList.java:1511)
... Removed 27 stack frames]]>
    </failure>
  </testcase> <!-- Login -->
  <testcase classname="test.Tst_Verification_Login_1_1_1" name="Login" time="8.828">
    <failure type="junit.framework.ComparisonFailure" message="expected:&amp;lt;...&amp;gt; but was:&amp;lt;...Activity.php&amp;gt;">
      <![CDATA[junit.framework.ComparisonFailure: expected:<...> but was:<...Activity.php>
at junit.framework.Assert.assertEquals(Assert.java:81)
at junit.framework.Assert.assertEquals(Assert.java:87)
at test.Tst_Verification_Login_1_1_1.Login(Tst_Verification_Login_1_1_1.java:28)
at java.base/java.util.ArrayList.forEach(ArrayList.java:1511)
... Removed 27 stack frames]]>
    </failure>
  </testcase> <!-- Login -->
  <testcase classname="test.Tst_Verification_Login_1_1_1" name="Login" time="25.131"/>
  <testcase classname="test.Tst_Verification_Login_1_1_1" name="Login" time="13.218"/>
  <testcase classname="test.Tst_Verification_Login_1_1_1" name="Login" time="10.489"/>
  <testcase classname="test.Tst_Title_Verification_1_1_2" name="CheckTitle" time="4.183"/>
  <testcase classname="test.Tst_Colour_verification_1_1_3" name="Check_Gold" time="5.821">
    <failure type="junit.framework.ComparisonFailure" message="expected:&amp;lt;...dcc16&amp;gt; but was:&amp;lt;...ecc160&amp;gt;">
      <![CDATA[junit.framework.ComparisonFailure: expected:<...dcc16> but was:<...ecc160>
at junit.framework.Assert.assertEquals(Assert.java:81)
at junit.framework.Assert.assertEquals(Assert.java:87)
at test.Tst_Colour_verification_1_1_3.Check_Gold(Tst_Colour_verification_1_1_3.java:25)
at java.base/java.util.ArrayList.forEach(ArrayList.java:1511)
... Removed 27 stack frames]]>
    </failure>
  </testcase> <!-- Check_Gold -->
  <testcase classname="test.Tst_Colour_verification_1_1_3" name="Check_Navy" time="3.767"/>
  <testcase classname="test.Tst_Colour_verification_1_1_3" name="Check_White" time="5.828">
    <failure type="junit.framework.ComparisonFailure" message="expected:&amp;lt;...000000&amp;gt; but was:&amp;lt;...939598&amp;gt;">
      <![CDATA[junit.framework.ComparisonFailure: expected:<...000000> but was:<...939598>
at junit.framework.Assert.assertEquals(Assert.java:81)
at junit.framework.Assert.assertEquals(Assert.java:87)
at test.Tst_Colour_verification_1_1_3.Check_White(Tst_Colour_verification_1_1_3.java:46)
at java.base/java.util.ArrayList.forEach(ArrayList.java:1511)
... Removed 27 stack frames]]>
    </failure>
  </testcase> <!-- Check_White -->
  <testcase classname="test.Tst_Activity_Page_1_2" name="CheckTitle" time="6.193"/>
  <testcase classname="test.Tst_Activity_Page_1_2" name="NameInLeft" time="8.013"/>
  <testcase classname="test.Tst_Send_Kudos_1_3_2" name="Access" time="17.21"/>
  <testcase classname="test.Tst_Send_Kudos_1_3_2" name="Access" time="13.82"/>
  <testcase classname="test.Tst_Send_Kudos_1_3_2" name="Access" time="13.184"/>
  <testcase classname="test.Tst_Send_Kudos_1_3_2" name="Access" time="16.008"/>
  <testcase classname="test.Tst_Send_Kudos_1_3_2" name="Access" time="15.87"/>
  <testcase classname="test.Tst_Send_Kudos_1_3_2" name="Access" time="11.482"/>
  <testcase classname="test.Tst_OnlyOneKudos_1_3_2" name="Access" time="10.322"/>
  <testcase classname="test.Tst_Writing_Citation_1_3_3" name="Access" time="15.25"/>
  <testcase classname="test.Txt_SendKudo_RecentContact_1_3_5" name="sendkudo" time="10.145"/>
  <testcase classname="test.Tst_Kudo_Search_1_4_1" name="kudo_search" time="9.249"/>
  <testcase classname="test.Tst_Kudo_Search_1_4_2" name="KudoSearch" time="32.449"/>
  <testcase classname="test.Tst_Kudo_Search_1_4_3" name="KudoSearch" time="23.269"/>
  <testcase classname="test.Tst_Kudos_From_me_1_6_1" name="Kudos_frm_me" time="22.378"/>
  <testcase classname="test.Tst_Kudos_From_me_1_6_2" name="Kudos_frm_me1" time="22.272"/>
  <testcase classname="test.Tst_Kudos_Sent_Today_count_1_6_4" name="Kudos_frm_me2" time="14.624"/>
  <testcase classname="test.Tst_Send_Self_kudos_1_6_5" name="Kudos_frm_me3" time="20.58"/>
  <testcase classname="test.Tst_Integration_3" name="Inte" time="35.634"/>
  <testcase classname="Resources.Base" name="@BeforeSuite bsuite" time="0.0">
    <ignored/>
  </testcase> <!-- @BeforeSuite bsuite -->
  <testcase classname="Resources.Base" name="@BeforeSuite bsuite" time="0.0">
    <ignored/>
  </testcase> <!-- @BeforeSuite bsuite -->
  <testcase classname="Resources.Base" name="@BeforeSuite bsuite" time="0.0">
    <ignored/>
  </testcase> <!-- @BeforeSuite bsuite -->
  <testcase classname="Resources.Base" name="@BeforeSuite bsuite" time="0.0">
    <ignored/>
  </testcase> <!-- @BeforeSuite bsuite -->
  <testcase classname="Resources.Base" name="@BeforeSuite bsuite" time="0.0">
    <ignored/>
  </testcase> <!-- @BeforeSuite bsuite -->
  <testcase classname="Resources.Base" name="@BeforeSuite bsuite" time="0.0">
    <ignored/>
  </testcase> <!-- @BeforeSuite bsuite -->
  <testcase classname="Resources.Base" name="@BeforeSuite bsuite" time="0.0">
    <ignored/>
  </testcase> <!-- @BeforeSuite bsuite -->
  <testcase classname="Resources.Base" name="@BeforeSuite bsuite" time="0.0">
    <ignored/>
  </testcase> <!-- @BeforeSuite bsuite -->
  <testcase classname="Resources.Base" name="@BeforeSuite bsuite" time="0.0">
    <ignored/>
  </testcase> <!-- @BeforeSuite bsuite -->
  <testcase classname="Resources.Base" name="@BeforeSuite bsuite" time="0.0">
    <ignored/>
  </testcase> <!-- @BeforeSuite bsuite -->
  <testcase classname="Resources.Base" name="@BeforeSuite bsuite" time="0.0">
    <ignored/>
  </testcase> <!-- @BeforeSuite bsuite -->
  <testcase classname="Resources.Base" name="@BeforeSuite bsuite" time="0.0">
    <ignored/>
  </testcase> <!-- @BeforeSuite bsuite -->
  <testcase classname="Resources.Base" name="@BeforeSuite bsuite" time="0.0">
    <ignored/>
  </testcase> <!-- @BeforeSuite bsuite -->
  <testcase classname="Resources.Base" name="@BeforeSuite bsuite" time="0.0">
    <ignored/>
  </testcase> <!-- @BeforeSuite bsuite -->
  <testcase classname="Resources.Base" name="@BeforeSuite bsuite" time="0.0">
    <ignored/>
  </testcase> <!-- @BeforeSuite bsuite -->
</testsuite> <!-- Test -->
