<html>
<head>
<title>TestNG:  Test</title>
<link href="../testng.css" rel="stylesheet" type="text/css" />
<link href="../my-testng.css" rel="stylesheet" type="text/css" />

<style type="text/css">
.log { display: none;} 
.stack-trace { display: none;} 
</style>
<script type="text/javascript">
<!--
function flip(e) {
  current = e.style.display;
  if (current == 'block') {
    e.style.display = 'none';
    return 0;
  }
  else {
    e.style.display = 'block';
    return 1;
  }
}

function toggleBox(szDivId, elem, msg1, msg2)
{
  var res = -1;  if (document.getElementById) {
    res = flip(document.getElementById(szDivId));
  }
  else if (document.all) {
    // this is the way old msie versions work
    res = flip(document.all[szDivId]);
  }
  if(elem) {
    if(res == 0) elem.innerHTML = msg1; else elem.innerHTML = msg2;
  }

}

function toggleAllBoxes() {
  if (document.getElementsByTagName) {
    d = document.getElementsByTagName('div');
    for (i = 0; i < d.length; i++) {
      if (d[i].className == 'log') {
        flip(d[i]);
      }
    }
  }
}

// -->
</script>

</head>
<body>
<h2 align='center'>Test</h2><table border='1' align="center">
<tr>
<td>Tests passed/Failed/Skipped:</td><td>27/7/0</td>
</tr><tr>
<td>Started on:</td><td>Fri Mar 26 11:21:07 IST 2021</td>
</tr>
<tr><td>Total time:</td><td>442 seconds (442737 ms)</td>
</tr><tr>
<td>Included groups:</td><td></td>
</tr><tr>
<td>Excluded groups:</td><td></td>
</tr>
</table><p/>
<small><i>(Hover the method name to see the test class name)</i></small><p/>
<table width='100%' border='1' class='invocation-failed'>
<tr><td colspan='4' align='center'><b>FAILED TESTS</b></td></tr>
<tr><td><b>Test method</b></td>
<td width="30%"><b>Exception</b></td>
<td width="10%"><b>Time (seconds)</b></td>
<td><b>Instance</b></td>
</tr>
<tr>
<td title='test.Tst_Colour_verification_1_1_3.Check_Gold()'><b>Check_Gold</b><br>Test class: test.Tst_Colour_verification_1_1_3</td>
<td><div><pre>junit.framework.ComparisonFailure: expected:&lt;...dcc16&gt; but was:&lt;...ecc160&gt;
	at junit.framework.Assert.assertEquals(Assert.java:81)
	at junit.framework.Assert.assertEquals(Assert.java:87)
	at test.Tst_Colour_verification_1_1_3.Check_Gold(Tst_Colour_verification_1_1_3.java:25)
	at java.base/java.util.ArrayList.forEach(ArrayList.java:1511)
... Removed 27 stack frames</pre></div><a href='#' onClick='toggleBox("stack-trace999864329", this, "Click to show all stack frames", "Click to hide stack frames")'>Click to show all stack frames</a>
<div class='stack-trace' id='stack-trace999864329'><pre>junit.framework.ComparisonFailure: expected:&lt;...dcc16&gt; but was:&lt;...ecc160&gt;
	at junit.framework.Assert.assertEquals(Assert.java:81)
	at junit.framework.Assert.assertEquals(Assert.java:87)
	at test.Tst_Colour_verification_1_1_3.Check_Gold(Tst_Colour_verification_1_1_3.java:25)
	at java.base/jdk.internal.reflect.NativeMethodAccessorImpl.invoke0(Native Method)
	at java.base/jdk.internal.reflect.NativeMethodAccessorImpl.invoke(NativeMethodAccessorImpl.java:64)
	at java.base/jdk.internal.reflect.DelegatingMethodAccessorImpl.invoke(DelegatingMethodAccessorImpl.java:43)
	at java.base/java.lang.reflect.Method.invoke(Method.java:564)
	at org.testng.internal.MethodInvocationHelper.invokeMethod(MethodInvocationHelper.java:132)
	at org.testng.internal.TestInvoker.invokeMethod(TestInvoker.java:599)
	at org.testng.internal.TestInvoker.invokeTestMethod(TestInvoker.java:174)
	at org.testng.internal.MethodRunner.runInSequence(MethodRunner.java:46)
	at org.testng.internal.TestInvoker$MethodInvocationAgent.invoke(TestInvoker.java:822)
	at org.testng.internal.TestInvoker.invokeTestMethods(TestInvoker.java:147)
	at org.testng.internal.TestMethodWorker.invokeTestMethods(TestMethodWorker.java:146)
	at org.testng.internal.TestMethodWorker.run(TestMethodWorker.java:128)
	at java.base/java.util.ArrayList.forEach(ArrayList.java:1511)
	at org.testng.TestRunner.privateRun(TestRunner.java:764)
	at org.testng.TestRunner.run(TestRunner.java:585)
	at org.testng.SuiteRunner.runTest(SuiteRunner.java:384)
	at org.testng.SuiteRunner.runSequentially(SuiteRunner.java:378)
	at org.testng.SuiteRunner.privateRun(SuiteRunner.java:337)
	at org.testng.SuiteRunner.run(SuiteRunner.java:286)
	at org.testng.SuiteRunnerWorker.runSuite(SuiteRunnerWorker.java:53)
	at org.testng.SuiteRunnerWorker.run(SuiteRunnerWorker.java:96)
	at org.testng.TestNG.runSuitesSequentially(TestNG.java:1218)
	at org.testng.TestNG.runSuitesLocally(TestNG.java:1140)
	at org.testng.TestNG.runSuites(TestNG.java:1069)
	at org.testng.TestNG.run(TestNG.java:1037)
	at org.testng.remote.AbstractRemoteTestNG.run(AbstractRemoteTestNG.java:115)
	at org.testng.remote.RemoteTestNG.initAndRun(RemoteTestNG.java:251)
	at org.testng.remote.RemoteTestNG.main(RemoteTestNG.java:77)
</pre></div></td>
<td>5</td>
<td>test.Tst_Colour_verification_1_1_3@6340e5f0</td></tr>
<tr>
<td title='test.Tst_Colour_verification_1_1_3.Check_White()'><b>Check_White</b><br>Test class: test.Tst_Colour_verification_1_1_3</td>
<td><div><pre>junit.framework.ComparisonFailure: expected:&lt;...000000&gt; but was:&lt;...939598&gt;
	at junit.framework.Assert.assertEquals(Assert.java:81)
	at junit.framework.Assert.assertEquals(Assert.java:87)
	at test.Tst_Colour_verification_1_1_3.Check_White(Tst_Colour_verification_1_1_3.java:46)
	at java.base/java.util.ArrayList.forEach(ArrayList.java:1511)
... Removed 27 stack frames</pre></div><a href='#' onClick='toggleBox("stack-trace1002872041", this, "Click to show all stack frames", "Click to hide stack frames")'>Click to show all stack frames</a>
<div class='stack-trace' id='stack-trace1002872041'><pre>junit.framework.ComparisonFailure: expected:&lt;...000000&gt; but was:&lt;...939598&gt;
	at junit.framework.Assert.assertEquals(Assert.java:81)
	at junit.framework.Assert.assertEquals(Assert.java:87)
	at test.Tst_Colour_verification_1_1_3.Check_White(Tst_Colour_verification_1_1_3.java:46)
	at java.base/jdk.internal.reflect.NativeMethodAccessorImpl.invoke0(Native Method)
	at java.base/jdk.internal.reflect.NativeMethodAccessorImpl.invoke(NativeMethodAccessorImpl.java:64)
	at java.base/jdk.internal.reflect.DelegatingMethodAccessorImpl.invoke(DelegatingMethodAccessorImpl.java:43)
	at java.base/java.lang.reflect.Method.invoke(Method.java:564)
	at org.testng.internal.MethodInvocationHelper.invokeMethod(MethodInvocationHelper.java:132)
	at org.testng.internal.TestInvoker.invokeMethod(TestInvoker.java:599)
	at org.testng.internal.TestInvoker.invokeTestMethod(TestInvoker.java:174)
	at org.testng.internal.MethodRunner.runInSequence(MethodRunner.java:46)
	at org.testng.internal.TestInvoker$MethodInvocationAgent.invoke(TestInvoker.java:822)
	at org.testng.internal.TestInvoker.invokeTestMethods(TestInvoker.java:147)
	at org.testng.internal.TestMethodWorker.invokeTestMethods(TestMethodWorker.java:146)
	at org.testng.internal.TestMethodWorker.run(TestMethodWorker.java:128)
	at java.base/java.util.ArrayList.forEach(ArrayList.java:1511)
	at org.testng.TestRunner.privateRun(TestRunner.java:764)
	at org.testng.TestRunner.run(TestRunner.java:585)
	at org.testng.SuiteRunner.runTest(SuiteRunner.java:384)
	at org.testng.SuiteRunner.runSequentially(SuiteRunner.java:378)
	at org.testng.SuiteRunner.privateRun(SuiteRunner.java:337)
	at org.testng.SuiteRunner.run(SuiteRunner.java:286)
	at org.testng.SuiteRunnerWorker.runSuite(SuiteRunnerWorker.java:53)
	at org.testng.SuiteRunnerWorker.run(SuiteRunnerWorker.java:96)
	at org.testng.TestNG.runSuitesSequentially(TestNG.java:1218)
	at org.testng.TestNG.runSuitesLocally(TestNG.java:1140)
	at org.testng.TestNG.runSuites(TestNG.java:1069)
	at org.testng.TestNG.run(TestNG.java:1037)
	at org.testng.remote.AbstractRemoteTestNG.run(AbstractRemoteTestNG.java:115)
	at org.testng.remote.RemoteTestNG.initAndRun(RemoteTestNG.java:251)
	at org.testng.remote.RemoteTestNG.main(RemoteTestNG.java:77)
</pre></div></td>
<td>5</td>
<td>test.Tst_Colour_verification_1_1_3@6340e5f0</td></tr>
<tr>
<td title='test.Tst_Verification_Login_1_1_1.Login()'><b>Login</b><br>Test class: test.Tst_Verification_Login_1_1_1<br>Parameters: darshanasundi@qualitestgroup.com, P@SSW0RD</td>
<td><div><pre>org.openqa.selenium.UnhandledAlertException: unexpected alert open: {Alert text : Invalid username or password}
  (Session info: chrome=89.0.4389.90): Invalid username or password
Build info: version: &apos;3.141.59&apos;, revision: &apos;e82be7d358&apos;, time: &apos;2018-11-14T08:25:48&apos;
System info: host: &apos;QT-INBG-LT154&apos;, ip: &apos;10.20.19.79&apos;, os.name: &apos;Windows 10&apos;, os.arch: &apos;amd64&apos;, os.version: &apos;10.0&apos;, java.version: &apos;15.0.1&apos;
Driver info: org.openqa.selenium.chrome.ChromeDriver
Capabilities {acceptInsecureCerts: false, browserName: chrome, browserVersion: 89.0.4389.90, chrome: {chromedriverVersion: 88.0.4324.96 (68dba2d8a0b14..., userDataDir: C:\Users\QUALIT~1\AppData\L...}, goog:chromeOptions: {debuggerAddress: localhost:60586}, javascriptEnabled: true, networkConnectionEnabled: false, pageLoadStrategy: normal, platform: WINDOWS, platformName: WINDOWS, proxy: Proxy(), setWindowRect: true, strictFileInteractability: false, timeouts: {implicit: 0, pageLoad: 300000, script: 30000}, unhandledPromptBehavior: dismiss and notify, webauthn:extension:largeBlob: true, webauthn:virtualAuthenticators: true}
Session ID: cc9e76e1f6c92b8ba60ba50269f57979
	at org.openqa.selenium.remote.http.W3CHttpResponseCodec.decode(W3CHttpResponseCodec.java:120)
	at org.openqa.selenium.remote.http.W3CHttpResponseCodec.decode(W3CHttpResponseCodec.java:49)
	at org.openqa.selenium.remote.HttpCommandExecutor.execute(HttpCommandExecutor.java:158)
	at org.openqa.selenium.remote.service.DriverCommandExecutor.execute(DriverCommandExecutor.java:83)
	at org.openqa.selenium.remote.RemoteWebDriver.execute(RemoteWebDriver.java:552)
	at org.openqa.selenium.remote.RemoteWebDriver.execute(RemoteWebDriver.java:609)
	at org.openqa.selenium.remote.RemoteWebDriver.getCurrentUrl(RemoteWebDriver.java:287)
	at test.Tst_Verification_Login_1_1_1.Login(Tst_Verification_Login_1_1_1.java:28)
	at java.base/java.util.ArrayList.forEach(ArrayList.java:1511)
... Removed 27 stack frames</pre></div><a href='#' onClick='toggleBox("stack-trace1840217399", this, "Click to show all stack frames", "Click to hide stack frames")'>Click to show all stack frames</a>
<div class='stack-trace' id='stack-trace1840217399'><pre>org.openqa.selenium.UnhandledAlertException: unexpected alert open: {Alert text : Invalid username or password}
  (Session info: chrome=89.0.4389.90): Invalid username or password
Build info: version: &apos;3.141.59&apos;, revision: &apos;e82be7d358&apos;, time: &apos;2018-11-14T08:25:48&apos;
System info: host: &apos;QT-INBG-LT154&apos;, ip: &apos;10.20.19.79&apos;, os.name: &apos;Windows 10&apos;, os.arch: &apos;amd64&apos;, os.version: &apos;10.0&apos;, java.version: &apos;15.0.1&apos;
Driver info: org.openqa.selenium.chrome.ChromeDriver
Capabilities {acceptInsecureCerts: false, browserName: chrome, browserVersion: 89.0.4389.90, chrome: {chromedriverVersion: 88.0.4324.96 (68dba2d8a0b14..., userDataDir: C:\Users\QUALIT~1\AppData\L...}, goog:chromeOptions: {debuggerAddress: localhost:60586}, javascriptEnabled: true, networkConnectionEnabled: false, pageLoadStrategy: normal, platform: WINDOWS, platformName: WINDOWS, proxy: Proxy(), setWindowRect: true, strictFileInteractability: false, timeouts: {implicit: 0, pageLoad: 300000, script: 30000}, unhandledPromptBehavior: dismiss and notify, webauthn:extension:largeBlob: true, webauthn:virtualAuthenticators: true}
Session ID: cc9e76e1f6c92b8ba60ba50269f57979
	at org.openqa.selenium.remote.http.W3CHttpResponseCodec.decode(W3CHttpResponseCodec.java:120)
	at org.openqa.selenium.remote.http.W3CHttpResponseCodec.decode(W3CHttpResponseCodec.java:49)
	at org.openqa.selenium.remote.HttpCommandExecutor.execute(HttpCommandExecutor.java:158)
	at org.openqa.selenium.remote.service.DriverCommandExecutor.execute(DriverCommandExecutor.java:83)
	at org.openqa.selenium.remote.RemoteWebDriver.execute(RemoteWebDriver.java:552)
	at org.openqa.selenium.remote.RemoteWebDriver.execute(RemoteWebDriver.java:609)
	at org.openqa.selenium.remote.RemoteWebDriver.getCurrentUrl(RemoteWebDriver.java:287)
	at test.Tst_Verification_Login_1_1_1.Login(Tst_Verification_Login_1_1_1.java:28)
	at java.base/jdk.internal.reflect.NativeMethodAccessorImpl.invoke0(Native Method)
	at java.base/jdk.internal.reflect.NativeMethodAccessorImpl.invoke(NativeMethodAccessorImpl.java:64)
	at java.base/jdk.internal.reflect.DelegatingMethodAccessorImpl.invoke(DelegatingMethodAccessorImpl.java:43)
	at java.base/java.lang.reflect.Method.invoke(Method.java:564)
	at org.testng.internal.MethodInvocationHelper.invokeMethod(MethodInvocationHelper.java:132)
	at org.testng.internal.TestInvoker.invokeMethod(TestInvoker.java:599)
	at org.testng.internal.TestInvoker.invokeTestMethod(TestInvoker.java:174)
	at org.testng.internal.MethodRunner.runInSequence(MethodRunner.java:46)
	at org.testng.internal.TestInvoker$MethodInvocationAgent.invoke(TestInvoker.java:822)
	at org.testng.internal.TestInvoker.invokeTestMethods(TestInvoker.java:147)
	at org.testng.internal.TestMethodWorker.invokeTestMethods(TestMethodWorker.java:146)
	at org.testng.internal.TestMethodWorker.run(TestMethodWorker.java:128)
	at java.base/java.util.ArrayList.forEach(ArrayList.java:1511)
	at org.testng.TestRunner.privateRun(TestRunner.java:764)
	at org.testng.TestRunner.run(TestRunner.java:585)
	at org.testng.SuiteRunner.runTest(SuiteRunner.java:384)
	at org.testng.SuiteRunner.runSequentially(SuiteRunner.java:378)
	at org.testng.SuiteRunner.privateRun(SuiteRunner.java:337)
	at org.testng.SuiteRunner.run(SuiteRunner.java:286)
	at org.testng.SuiteRunnerWorker.runSuite(SuiteRunnerWorker.java:53)
	at org.testng.SuiteRunnerWorker.run(SuiteRunnerWorker.java:96)
	at org.testng.TestNG.runSuitesSequentially(TestNG.java:1218)
	at org.testng.TestNG.runSuitesLocally(TestNG.java:1140)
	at org.testng.TestNG.runSuites(TestNG.java:1069)
	at org.testng.TestNG.run(TestNG.java:1037)
	at org.testng.remote.AbstractRemoteTestNG.run(AbstractRemoteTestNG.java:115)
	at org.testng.remote.RemoteTestNG.initAndRun(RemoteTestNG.java:251)
	at org.testng.remote.RemoteTestNG.main(RemoteTestNG.java:77)
</pre></div></td>
<td>5</td>
<td>test.Tst_Verification_Login_1_1_1@41a0aa7d</td></tr>
<tr>
<td title='test.Tst_Verification_Login_1_1_1.Login()'><b>Login</b><br>Test class: test.Tst_Verification_Login_1_1_1<br>Parameters: darshanasundi@qualitestgroup.com, PASSW0RD</td>
<td><div><pre>org.openqa.selenium.UnhandledAlertException: unexpected alert open: {Alert text : Invalid username or password}
  (Session info: chrome=89.0.4389.90): Invalid username or password
Build info: version: &apos;3.141.59&apos;, revision: &apos;e82be7d358&apos;, time: &apos;2018-11-14T08:25:48&apos;
System info: host: &apos;QT-INBG-LT154&apos;, ip: &apos;10.20.19.79&apos;, os.name: &apos;Windows 10&apos;, os.arch: &apos;amd64&apos;, os.version: &apos;10.0&apos;, java.version: &apos;15.0.1&apos;
Driver info: org.openqa.selenium.chrome.ChromeDriver
Capabilities {acceptInsecureCerts: false, browserName: chrome, browserVersion: 89.0.4389.90, chrome: {chromedriverVersion: 88.0.4324.96 (68dba2d8a0b14..., userDataDir: C:\Users\QUALIT~1\AppData\L...}, goog:chromeOptions: {debuggerAddress: localhost:60602}, javascriptEnabled: true, networkConnectionEnabled: false, pageLoadStrategy: normal, platform: WINDOWS, platformName: WINDOWS, proxy: Proxy(), setWindowRect: true, strictFileInteractability: false, timeouts: {implicit: 0, pageLoad: 300000, script: 30000}, unhandledPromptBehavior: dismiss and notify, webauthn:extension:largeBlob: true, webauthn:virtualAuthenticators: true}
Session ID: 96e02ea998413fb0f533e0b5d5d9a8a3
	at org.openqa.selenium.remote.http.W3CHttpResponseCodec.decode(W3CHttpResponseCodec.java:120)
	at org.openqa.selenium.remote.http.W3CHttpResponseCodec.decode(W3CHttpResponseCodec.java:49)
	at org.openqa.selenium.remote.HttpCommandExecutor.execute(HttpCommandExecutor.java:158)
	at org.openqa.selenium.remote.service.DriverCommandExecutor.execute(DriverCommandExecutor.java:83)
	at org.openqa.selenium.remote.RemoteWebDriver.execute(RemoteWebDriver.java:552)
	at org.openqa.selenium.remote.RemoteWebDriver.execute(RemoteWebDriver.java:609)
	at org.openqa.selenium.remote.RemoteWebDriver.getCurrentUrl(RemoteWebDriver.java:287)
	at test.Tst_Verification_Login_1_1_1.Login(Tst_Verification_Login_1_1_1.java:28)
	at java.base/java.util.ArrayList.forEach(ArrayList.java:1511)
... Removed 27 stack frames</pre></div><a href='#' onClick='toggleBox("stack-trace1441014857", this, "Click to show all stack frames", "Click to hide stack frames")'>Click to show all stack frames</a>
<div class='stack-trace' id='stack-trace1441014857'><pre>org.openqa.selenium.UnhandledAlertException: unexpected alert open: {Alert text : Invalid username or password}
  (Session info: chrome=89.0.4389.90): Invalid username or password
Build info: version: &apos;3.141.59&apos;, revision: &apos;e82be7d358&apos;, time: &apos;2018-11-14T08:25:48&apos;
System info: host: &apos;QT-INBG-LT154&apos;, ip: &apos;10.20.19.79&apos;, os.name: &apos;Windows 10&apos;, os.arch: &apos;amd64&apos;, os.version: &apos;10.0&apos;, java.version: &apos;15.0.1&apos;
Driver info: org.openqa.selenium.chrome.ChromeDriver
Capabilities {acceptInsecureCerts: false, browserName: chrome, browserVersion: 89.0.4389.90, chrome: {chromedriverVersion: 88.0.4324.96 (68dba2d8a0b14..., userDataDir: C:\Users\QUALIT~1\AppData\L...}, goog:chromeOptions: {debuggerAddress: localhost:60602}, javascriptEnabled: true, networkConnectionEnabled: false, pageLoadStrategy: normal, platform: WINDOWS, platformName: WINDOWS, proxy: Proxy(), setWindowRect: true, strictFileInteractability: false, timeouts: {implicit: 0, pageLoad: 300000, script: 30000}, unhandledPromptBehavior: dismiss and notify, webauthn:extension:largeBlob: true, webauthn:virtualAuthenticators: true}
Session ID: 96e02ea998413fb0f533e0b5d5d9a8a3
	at org.openqa.selenium.remote.http.W3CHttpResponseCodec.decode(W3CHttpResponseCodec.java:120)
	at org.openqa.selenium.remote.http.W3CHttpResponseCodec.decode(W3CHttpResponseCodec.java:49)
	at org.openqa.selenium.remote.HttpCommandExecutor.execute(HttpCommandExecutor.java:158)
	at org.openqa.selenium.remote.service.DriverCommandExecutor.execute(DriverCommandExecutor.java:83)
	at org.openqa.selenium.remote.RemoteWebDriver.execute(RemoteWebDriver.java:552)
	at org.openqa.selenium.remote.RemoteWebDriver.execute(RemoteWebDriver.java:609)
	at org.openqa.selenium.remote.RemoteWebDriver.getCurrentUrl(RemoteWebDriver.java:287)
	at test.Tst_Verification_Login_1_1_1.Login(Tst_Verification_Login_1_1_1.java:28)
	at java.base/jdk.internal.reflect.NativeMethodAccessorImpl.invoke0(Native Method)
	at java.base/jdk.internal.reflect.NativeMethodAccessorImpl.invoke(NativeMethodAccessorImpl.java:64)
	at java.base/jdk.internal.reflect.DelegatingMethodAccessorImpl.invoke(DelegatingMethodAccessorImpl.java:43)
	at java.base/java.lang.reflect.Method.invoke(Method.java:564)
	at org.testng.internal.MethodInvocationHelper.invokeMethod(MethodInvocationHelper.java:132)
	at org.testng.internal.TestInvoker.invokeMethod(TestInvoker.java:599)
	at org.testng.internal.TestInvoker.invokeTestMethod(TestInvoker.java:174)
	at org.testng.internal.MethodRunner.runInSequence(MethodRunner.java:46)
	at org.testng.internal.TestInvoker$MethodInvocationAgent.invoke(TestInvoker.java:822)
	at org.testng.internal.TestInvoker.invokeTestMethods(TestInvoker.java:147)
	at org.testng.internal.TestMethodWorker.invokeTestMethods(TestMethodWorker.java:146)
	at org.testng.internal.TestMethodWorker.run(TestMethodWorker.java:128)
	at java.base/java.util.ArrayList.forEach(ArrayList.java:1511)
	at org.testng.TestRunner.privateRun(TestRunner.java:764)
	at org.testng.TestRunner.run(TestRunner.java:585)
	at org.testng.SuiteRunner.runTest(SuiteRunner.java:384)
	at org.testng.SuiteRunner.runSequentially(SuiteRunner.java:378)
	at org.testng.SuiteRunner.privateRun(SuiteRunner.java:337)
	at org.testng.SuiteRunner.run(SuiteRunner.java:286)
	at org.testng.SuiteRunnerWorker.runSuite(SuiteRunnerWorker.java:53)
	at org.testng.SuiteRunnerWorker.run(SuiteRunnerWorker.java:96)
	at org.testng.TestNG.runSuitesSequentially(TestNG.java:1218)
	at org.testng.TestNG.runSuitesLocally(TestNG.java:1140)
	at org.testng.TestNG.runSuites(TestNG.java:1069)
	at org.testng.TestNG.run(TestNG.java:1037)
	at org.testng.remote.AbstractRemoteTestNG.run(AbstractRemoteTestNG.java:115)
	at org.testng.remote.RemoteTestNG.initAndRun(RemoteTestNG.java:251)
	at org.testng.remote.RemoteTestNG.main(RemoteTestNG.java:77)
</pre></div></td>
<td>4</td>
<td>test.Tst_Verification_Login_1_1_1@41a0aa7d</td></tr>
<tr>
<td title='test.Tst_Verification_Login_1_1_1.Login()'><b>Login</b><br>Test class: test.Tst_Verification_Login_1_1_1<br>Parameters: darshan.asundi@qualitestgroup.com, </td>
<td><div><pre>junit.framework.ComparisonFailure: expected:&lt;...&gt; but was:&lt;...Activity.php&gt;
	at junit.framework.Assert.assertEquals(Assert.java:81)
	at junit.framework.Assert.assertEquals(Assert.java:87)
	at test.Tst_Verification_Login_1_1_1.Login(Tst_Verification_Login_1_1_1.java:28)
	at java.base/java.util.ArrayList.forEach(ArrayList.java:1511)
... Removed 27 stack frames</pre></div><a href='#' onClick='toggleBox("stack-trace1380085944", this, "Click to show all stack frames", "Click to hide stack frames")'>Click to show all stack frames</a>
<div class='stack-trace' id='stack-trace1380085944'><pre>junit.framework.ComparisonFailure: expected:&lt;...&gt; but was:&lt;...Activity.php&gt;
	at junit.framework.Assert.assertEquals(Assert.java:81)
	at junit.framework.Assert.assertEquals(Assert.java:87)
	at test.Tst_Verification_Login_1_1_1.Login(Tst_Verification_Login_1_1_1.java:28)
	at java.base/jdk.internal.reflect.NativeMethodAccessorImpl.invoke0(Native Method)
	at java.base/jdk.internal.reflect.NativeMethodAccessorImpl.invoke(NativeMethodAccessorImpl.java:64)
	at java.base/jdk.internal.reflect.DelegatingMethodAccessorImpl.invoke(DelegatingMethodAccessorImpl.java:43)
	at java.base/java.lang.reflect.Method.invoke(Method.java:564)
	at org.testng.internal.MethodInvocationHelper.invokeMethod(MethodInvocationHelper.java:132)
	at org.testng.internal.TestInvoker.invokeMethod(TestInvoker.java:599)
	at org.testng.internal.TestInvoker.invokeTestMethod(TestInvoker.java:174)
	at org.testng.internal.MethodRunner.runInSequence(MethodRunner.java:46)
	at org.testng.internal.TestInvoker$MethodInvocationAgent.invoke(TestInvoker.java:822)
	at org.testng.internal.TestInvoker.invokeTestMethods(TestInvoker.java:147)
	at org.testng.internal.TestMethodWorker.invokeTestMethods(TestMethodWorker.java:146)
	at org.testng.internal.TestMethodWorker.run(TestMethodWorker.java:128)
	at java.base/java.util.ArrayList.forEach(ArrayList.java:1511)
	at org.testng.TestRunner.privateRun(TestRunner.java:764)
	at org.testng.TestRunner.run(TestRunner.java:585)
	at org.testng.SuiteRunner.runTest(SuiteRunner.java:384)
	at org.testng.SuiteRunner.runSequentially(SuiteRunner.java:378)
	at org.testng.SuiteRunner.privateRun(SuiteRunner.java:337)
	at org.testng.SuiteRunner.run(SuiteRunner.java:286)
	at org.testng.SuiteRunnerWorker.runSuite(SuiteRunnerWorker.java:53)
	at org.testng.SuiteRunnerWorker.run(SuiteRunnerWorker.java:96)
	at org.testng.TestNG.runSuitesSequentially(TestNG.java:1218)
	at org.testng.TestNG.runSuitesLocally(TestNG.java:1140)
	at org.testng.TestNG.runSuites(TestNG.java:1069)
	at org.testng.TestNG.run(TestNG.java:1037)
	at org.testng.remote.AbstractRemoteTestNG.run(AbstractRemoteTestNG.java:115)
	at org.testng.remote.RemoteTestNG.initAndRun(RemoteTestNG.java:251)
	at org.testng.remote.RemoteTestNG.main(RemoteTestNG.java:77)
</pre></div></td>
<td>4</td>
<td>test.Tst_Verification_Login_1_1_1@41a0aa7d</td></tr>
<tr>
<td title='test.Tst_Verification_Login_1_1_1.Login()'><b>Login</b><br>Test class: test.Tst_Verification_Login_1_1_1<br>Parameters: , P@ssw0rd</td>
<td><div><pre>junit.framework.ComparisonFailure: expected:&lt;...&gt; but was:&lt;...Activity.php&gt;
	at junit.framework.Assert.assertEquals(Assert.java:81)
	at junit.framework.Assert.assertEquals(Assert.java:87)
	at test.Tst_Verification_Login_1_1_1.Login(Tst_Verification_Login_1_1_1.java:28)
	at java.base/java.util.ArrayList.forEach(ArrayList.java:1511)
... Removed 27 stack frames</pre></div><a href='#' onClick='toggleBox("stack-trace1517677623", this, "Click to show all stack frames", "Click to hide stack frames")'>Click to show all stack frames</a>
<div class='stack-trace' id='stack-trace1517677623'><pre>junit.framework.ComparisonFailure: expected:&lt;...&gt; but was:&lt;...Activity.php&gt;
	at junit.framework.Assert.assertEquals(Assert.java:81)
	at junit.framework.Assert.assertEquals(Assert.java:87)
	at test.Tst_Verification_Login_1_1_1.Login(Tst_Verification_Login_1_1_1.java:28)
	at java.base/jdk.internal.reflect.NativeMethodAccessorImpl.invoke0(Native Method)
	at java.base/jdk.internal.reflect.NativeMethodAccessorImpl.invoke(NativeMethodAccessorImpl.java:64)
	at java.base/jdk.internal.reflect.DelegatingMethodAccessorImpl.invoke(DelegatingMethodAccessorImpl.java:43)
	at java.base/java.lang.reflect.Method.invoke(Method.java:564)
	at org.testng.internal.MethodInvocationHelper.invokeMethod(MethodInvocationHelper.java:132)
	at org.testng.internal.TestInvoker.invokeMethod(TestInvoker.java:599)
	at org.testng.internal.TestInvoker.invokeTestMethod(TestInvoker.java:174)
	at org.testng.internal.MethodRunner.runInSequence(MethodRunner.java:46)
	at org.testng.internal.TestInvoker$MethodInvocationAgent.invoke(TestInvoker.java:822)
	at org.testng.internal.TestInvoker.invokeTestMethods(TestInvoker.java:147)
	at org.testng.internal.TestMethodWorker.invokeTestMethods(TestMethodWorker.java:146)
	at org.testng.internal.TestMethodWorker.run(TestMethodWorker.java:128)
	at java.base/java.util.ArrayList.forEach(ArrayList.java:1511)
	at org.testng.TestRunner.privateRun(TestRunner.java:764)
	at org.testng.TestRunner.run(TestRunner.java:585)
	at org.testng.SuiteRunner.runTest(SuiteRunner.java:384)
	at org.testng.SuiteRunner.runSequentially(SuiteRunner.java:378)
	at org.testng.SuiteRunner.privateRun(SuiteRunner.java:337)
	at org.testng.SuiteRunner.run(SuiteRunner.java:286)
	at org.testng.SuiteRunnerWorker.runSuite(SuiteRunnerWorker.java:53)
	at org.testng.SuiteRunnerWorker.run(SuiteRunnerWorker.java:96)
	at org.testng.TestNG.runSuitesSequentially(TestNG.java:1218)
	at org.testng.TestNG.runSuitesLocally(TestNG.java:1140)
	at org.testng.TestNG.runSuites(TestNG.java:1069)
	at org.testng.TestNG.run(TestNG.java:1037)
	at org.testng.remote.AbstractRemoteTestNG.run(AbstractRemoteTestNG.java:115)
	at org.testng.remote.RemoteTestNG.initAndRun(RemoteTestNG.java:251)
	at org.testng.remote.RemoteTestNG.main(RemoteTestNG.java:77)
</pre></div></td>
<td>6</td>
<td>test.Tst_Verification_Login_1_1_1@41a0aa7d</td></tr>
<tr>
<td title='test.Tst_Verification_Login_1_1_1.Login()'><b>Login</b><br>Test class: test.Tst_Verification_Login_1_1_1<br>Parameters: , </td>
<td><div><pre>junit.framework.ComparisonFailure: expected:&lt;...&gt; but was:&lt;...Activity.php&gt;
	at junit.framework.Assert.assertEquals(Assert.java:81)
	at junit.framework.Assert.assertEquals(Assert.java:87)
	at test.Tst_Verification_Login_1_1_1.Login(Tst_Verification_Login_1_1_1.java:28)
	at java.base/java.util.ArrayList.forEach(ArrayList.java:1511)
... Removed 27 stack frames</pre></div><a href='#' onClick='toggleBox("stack-trace2081501023", this, "Click to show all stack frames", "Click to hide stack frames")'>Click to show all stack frames</a>
<div class='stack-trace' id='stack-trace2081501023'><pre>junit.framework.ComparisonFailure: expected:&lt;...&gt; but was:&lt;...Activity.php&gt;
	at junit.framework.Assert.assertEquals(Assert.java:81)
	at junit.framework.Assert.assertEquals(Assert.java:87)
	at test.Tst_Verification_Login_1_1_1.Login(Tst_Verification_Login_1_1_1.java:28)
	at java.base/jdk.internal.reflect.NativeMethodAccessorImpl.invoke0(Native Method)
	at java.base/jdk.internal.reflect.NativeMethodAccessorImpl.invoke(NativeMethodAccessorImpl.java:64)
	at java.base/jdk.internal.reflect.DelegatingMethodAccessorImpl.invoke(DelegatingMethodAccessorImpl.java:43)
	at java.base/java.lang.reflect.Method.invoke(Method.java:564)
	at org.testng.internal.MethodInvocationHelper.invokeMethod(MethodInvocationHelper.java:132)
	at org.testng.internal.TestInvoker.invokeMethod(TestInvoker.java:599)
	at org.testng.internal.TestInvoker.invokeTestMethod(TestInvoker.java:174)
	at org.testng.internal.MethodRunner.runInSequence(MethodRunner.java:46)
	at org.testng.internal.TestInvoker$MethodInvocationAgent.invoke(TestInvoker.java:822)
	at org.testng.internal.TestInvoker.invokeTestMethods(TestInvoker.java:147)
	at org.testng.internal.TestMethodWorker.invokeTestMethods(TestMethodWorker.java:146)
	at org.testng.internal.TestMethodWorker.run(TestMethodWorker.java:128)
	at java.base/java.util.ArrayList.forEach(ArrayList.java:1511)
	at org.testng.TestRunner.privateRun(TestRunner.java:764)
	at org.testng.TestRunner.run(TestRunner.java:585)
	at org.testng.SuiteRunner.runTest(SuiteRunner.java:384)
	at org.testng.SuiteRunner.runSequentially(SuiteRunner.java:378)
	at org.testng.SuiteRunner.privateRun(SuiteRunner.java:337)
	at org.testng.SuiteRunner.run(SuiteRunner.java:286)
	at org.testng.SuiteRunnerWorker.runSuite(SuiteRunnerWorker.java:53)
	at org.testng.SuiteRunnerWorker.run(SuiteRunnerWorker.java:96)
	at org.testng.TestNG.runSuitesSequentially(TestNG.java:1218)
	at org.testng.TestNG.runSuitesLocally(TestNG.java:1140)
	at org.testng.TestNG.runSuites(TestNG.java:1069)
	at org.testng.TestNG.run(TestNG.java:1037)
	at org.testng.remote.AbstractRemoteTestNG.run(AbstractRemoteTestNG.java:115)
	at org.testng.remote.RemoteTestNG.initAndRun(RemoteTestNG.java:251)
	at org.testng.remote.RemoteTestNG.main(RemoteTestNG.java:77)
</pre></div></td>
<td>8</td>
<td>test.Tst_Verification_Login_1_1_1@41a0aa7d</td></tr>
</table><p>
<table width='100%' border='1' class='invocation-passed'>
<tr><td colspan='4' align='center'><b>PASSED TESTS</b></td></tr>
<tr><td><b>Test method</b></td>
<td width="30%"><b>Exception</b></td>
<td width="10%"><b>Time (seconds)</b></td>
<td><b>Instance</b></td>
</tr>
<tr>
<td title='test.Tst_Verification_Login_1_1_1.Access()'><b>Access</b><br>Test class: test.Tst_Verification_Login_1_1_1</td>
<td></td>
<td>4</td>
<td>test.Tst_Verification_Login_1_1_1@41a0aa7d</td></tr>
<tr>
<td title='test.Tst_Send_Kudos_1_3_2.Access()'><b>Access</b><br>Test class: test.Tst_Send_Kudos_1_3_2<br>Parameters: prajwal, Test</td>
<td></td>
<td>17</td>
<td>test.Tst_Send_Kudos_1_3_2@13e344d</td></tr>
<tr>
<td title='test.Tst_Send_Kudos_1_3_2.Access()'><b>Access</b><br>Test class: test.Tst_Send_Kudos_1_3_2<br>Parameters: prajwal.lokesh@qualitestgroup.com, Test1.1</td>
<td></td>
<td>13</td>
<td>test.Tst_Send_Kudos_1_3_2@13e344d</td></tr>
<tr>
<td title='test.Tst_Send_Kudos_1_3_2.Access()'><b>Access</b><br>Test class: test.Tst_Send_Kudos_1_3_2<br>Parameters: PRAJWAL.LOKESH@QUALITESTGROUP.COM, Test1.2</td>
<td></td>
<td>13</td>
<td>test.Tst_Send_Kudos_1_3_2@13e344d</td></tr>
<tr>
<td title='test.Tst_Send_Kudos_1_3_2.Access()'><b>Access</b><br>Test class: test.Tst_Send_Kudos_1_3_2<br>Parameters: prajwallokesh@qualitestgroup.com, Test1.3</td>
<td></td>
<td>16</td>
<td>test.Tst_Send_Kudos_1_3_2@13e344d</td></tr>
<tr>
<td title='test.Tst_Send_Kudos_1_3_2.Access()'><b>Access</b><br>Test class: test.Tst_Send_Kudos_1_3_2<br>Parameters: , Test1.4</td>
<td></td>
<td>15</td>
<td>test.Tst_Send_Kudos_1_3_2@13e344d</td></tr>
<tr>
<td title='test.Tst_Send_Kudos_1_3_2.Access()'><b>Access</b><br>Test class: test.Tst_Send_Kudos_1_3_2<br>Parameters: PRAJWALLOKESH@QUALITESTGROUP.COM, Test1.5</td>
<td></td>
<td>11</td>
<td>test.Tst_Send_Kudos_1_3_2@13e344d</td></tr>
<tr>
<td title='test.Tst_OnlyOneKudos_1_3_2.Access()'><b>Access</b><br>Test class: test.Tst_OnlyOneKudos_1_3_2</td>
<td></td>
<td>10</td>
<td>test.Tst_OnlyOneKudos_1_3_2@1ffaf86</td></tr>
<tr>
<td title='test.Tst_Writing_Citation_1_3_3.Access()'><b>Access</b><br>Test class: test.Tst_Writing_Citation_1_3_3</td>
<td></td>
<td>15</td>
<td>test.Tst_Writing_Citation_1_3_3@6574a52c</td></tr>
<tr>
<td title='test.Tst_Title_Verification_1_1_2.CheckTitle()'><b>CheckTitle</b><br>Test class: test.Tst_Title_Verification_1_1_2</td>
<td></td>
<td>4</td>
<td>test.Tst_Title_Verification_1_1_2@2794eab6</td></tr>
<tr>
<td title='test.Tst_Activity_Page_1_2.CheckTitle()'><b>CheckTitle</b><br>Test class: test.Tst_Activity_Page_1_2</td>
<td></td>
<td>6</td>
<td>test.Tst_Activity_Page_1_2@45099dd3</td></tr>
<tr>
<td title='test.Tst_Colour_verification_1_1_3.Check_Navy()'><b>Check_Navy</b><br>Test class: test.Tst_Colour_verification_1_1_3</td>
<td></td>
<td>3</td>
<td>test.Tst_Colour_verification_1_1_3@6340e5f0</td></tr>
<tr>
<td title='test.Tst_Integration_3.Inte()'><b>Inte</b><br>Test class: test.Tst_Integration_3</td>
<td></td>
<td>35</td>
<td>test.Tst_Integration_3@55a147cc</td></tr>
<tr>
<td title='test.Tst_Kudo_Search_1_4_2.KudoSearch()'><b>KudoSearch</b><br>Test class: test.Tst_Kudo_Search_1_4_2</td>
<td></td>
<td>32</td>
<td>test.Tst_Kudo_Search_1_4_2@60099951</td></tr>
<tr>
<td title='test.Tst_Kudo_Search_1_4_3.KudoSearch()'><b>KudoSearch</b><br>Test class: test.Tst_Kudo_Search_1_4_3</td>
<td></td>
<td>23</td>
<td>test.Tst_Kudo_Search_1_4_3@20140db9</td></tr>
<tr>
<td title='test.Tst_Kudos_From_me_1_6_1.Kudos_frm_me()'><b>Kudos_frm_me</b><br>Test class: test.Tst_Kudos_From_me_1_6_1</td>
<td></td>
<td>22</td>
<td>test.Tst_Kudos_From_me_1_6_1@1e6a3214</td></tr>
<tr>
<td title='test.Tst_Kudos_From_me_1_6_2.Kudos_frm_me1()'><b>Kudos_frm_me1</b><br>Test class: test.Tst_Kudos_From_me_1_6_2</td>
<td></td>
<td>22</td>
<td>test.Tst_Kudos_From_me_1_6_2@368247b9</td></tr>
<tr>
<td title='test.Tst_Kudos_Sent_Today_count_1_6_4.Kudos_frm_me2()'><b>Kudos_frm_me2</b><br>Test class: test.Tst_Kudos_Sent_Today_count_1_6_4</td>
<td></td>
<td>14</td>
<td>test.Tst_Kudos_Sent_Today_count_1_6_4@1a6d8329</td></tr>
<tr>
<td title='test.Tst_Send_Self_kudos_1_6_5.Kudos_frm_me3()'><b>Kudos_frm_me3</b><br>Test class: test.Tst_Send_Self_kudos_1_6_5</td>
<td></td>
<td>20</td>
<td>test.Tst_Send_Self_kudos_1_6_5@1a942c18</td></tr>
<tr>
<td title='test.Tst_Verification_Login_1_1_1.Login()'><b>Login</b><br>Test class: test.Tst_Verification_Login_1_1_1<br>Parameters: darshan.asundi@qualitestgroup.com, P@ssw0rd</td>
<td></td>
<td>12</td>
<td>test.Tst_Verification_Login_1_1_1@41a0aa7d</td></tr>
<tr>
<td title='test.Tst_Verification_Login_1_1_1.Login()'><b>Login</b><br>Test class: test.Tst_Verification_Login_1_1_1<br>Parameters: darshan.asundi@qualitestgroup.com, P@SSW0RD</td>
<td></td>
<td>9</td>
<td>test.Tst_Verification_Login_1_1_1@41a0aa7d</td></tr>
<tr>
<td title='test.Tst_Verification_Login_1_1_1.Login()'><b>Login</b><br>Test class: test.Tst_Verification_Login_1_1_1<br>Parameters: DARSHAN.ASUNDI@QUALITESTGROUP.COM, P@ssw0rd</td>
<td></td>
<td>25</td>
<td>test.Tst_Verification_Login_1_1_1@41a0aa7d</td></tr>
<tr>
<td title='test.Tst_Verification_Login_1_1_1.Login()'><b>Login</b><br>Test class: test.Tst_Verification_Login_1_1_1<br>Parameters: DARSHAN.ASUNDI@QUALITESTGROUP.COM, P@SSW0RD</td>
<td></td>
<td>13</td>
<td>test.Tst_Verification_Login_1_1_1@41a0aa7d</td></tr>
<tr>
<td title='test.Tst_Verification_Login_1_1_1.Login()'><b>Login</b><br>Test class: test.Tst_Verification_Login_1_1_1<br>Parameters: darshan.asundi@qualitestgroup.com, P@SSW0RD</td>
<td></td>
<td>10</td>
<td>test.Tst_Verification_Login_1_1_1@41a0aa7d</td></tr>
<tr>
<td title='test.Tst_Activity_Page_1_2.NameInLeft()'><b>NameInLeft</b><br>Test class: test.Tst_Activity_Page_1_2</td>
<td></td>
<td>8</td>
<td>test.Tst_Activity_Page_1_2@45099dd3</td></tr>
<tr>
<td title='test.Tst_Kudo_Search_1_4_1.kudo_search()'><b>kudo_search</b><br>Test class: test.Tst_Kudo_Search_1_4_1</td>
<td></td>
<td>9</td>
<td>test.Tst_Kudo_Search_1_4_1@1c7696c6</td></tr>
<tr>
<td title='test.Txt_SendKudo_RecentContact_1_3_5.sendkudo()'><b>sendkudo</b><br>Test class: test.Txt_SendKudo_RecentContact_1_3_5</td>
<td></td>
<td>10</td>
<td>test.Txt_SendKudo_RecentContact_1_3_5@6c1a5b54</td></tr>
</table><p>
</body>
</html>